<?xml version="1.0" encoding="UTF-8"?>
<!-- Generated by org.testng.reporters.JUnitXMLReporter -->
<testsuite ignored="0" hostname="MeghanaK" failures="0" tests="5" name="Test" time="27.269" errors="0" timestamp="2023-11-02T16:57:27 IST">
  <testcase classname="orange.TestNG" name="login" time="4.746"/>
  <testcase classname="orange.TestNG" name="orange_Login" time="2.044"/>
  <testcase classname="orange.TestNG" name="add_PIM" time="4.299"/>
  <testcase classname="orange.TestNG" name="leave_click" time="7.406"/>
  <testcase classname="orange.TestNG" name="logout" time="1.583"/>
</testsuite> <!-- Test -->
